<?xml version="1.0" encoding="UTF-8"?>
<!-- Generated by org.testng.reporters.JUnitXMLReporter -->
<testsuite hostname="admins-mac-mini.in.dhcp.saint-gobain.net" name="user" tests="2" failures="2" timestamp="23 May 2019 08:30:44 GMT" time="0.037" errors="0">
  <testcase name="CreateNewUser" time="0.014" classname="test.java.UserTest">
    <failure type="org.openqa.selenium.NoSuchElementException" message="no such element: Unable to locate element: {&amp;quot;method&amp;quot;:&amp;quot;xpath&amp;quot;,&amp;quot;selector&amp;quot;:&amp;quot;//*[@id=&amp;quot;navigation&amp;quot;]/ul/li[2]/a/span&amp;quot;}
  (Session info: chrome=73.0.3683.103)
  (Driver info: chromedriver=2.45.615355 (d5698f682d8b2742017df6c81e0bd8e6a3063189),platform=Mac OS X 10.13.6 x86_64) (WARNING: The server did not provide any stacktrace information)
Command duration or timeout: 14 milliseconds
For documentation on this error, please visit: http://seleniumhq.org/exceptions/no_such_element.html
Build info: version: &amp;apos;2.53.0&amp;apos;, revision: &amp;apos;35ae25b1534ae328c771e0856c93e187490ca824&amp;apos;, time: &amp;apos;2016-03-15 10:43:46&amp;apos;
System info: host: &amp;apos;admins-mac-mini.in.dhcp.saint-gobain.net&amp;apos;, ip: &amp;apos;10.87.75.34&amp;apos;, os.name: &amp;apos;Mac OS X&amp;apos;, os.arch: &amp;apos;x86_64&amp;apos;, os.version: &amp;apos;10.13.6&amp;apos;, java.version: &amp;apos;1.8.0_191&amp;apos;
Driver info: org.openqa.selenium.chrome.ChromeDriver
Capabilities [{mobileEmulationEnabled=false, timeouts={implicit=0, pageLoad=300000, script=30000}, hasTouchScreen=false, platform=MAC, acceptSslCerts=false, goog:chromeOptions={debuggerAddress=localhost:51150}, acceptInsecureCerts=false, webStorageEnabled=true, browserName=chrome, takesScreenshot=true, javascriptEnabled=true, setWindowRect=true, unexpectedAlertBehaviour=ignore, applicationCacheEnabled=false, rotatable=false, networkConnectionEnabled=false, chrome={chromedriverVersion=2.45.615355 (d5698f682d8b2742017df6c81e0bd8e6a3063189), userDataDir=/var/folders/c_/w19ng9h56ln9yt17wqdy81xm0000gn/T/.org.chromium.Chromium.XpMeuf}, takesHeapSnapshot=true, pageLoadStrategy=normal, strictFileInteractability=false, databaseEnabled=false, handlesAlerts=true, version=73.0.3683.103, browserConnectionEnabled=false, proxy={}, nativeEvents=true, locationContextEnabled=true, cssSelectorsEnabled=true}]
Session ID: 8076b68846d1e41e3412417d9ac7c267
*** Element info: {Using=xpath, value=//*[@id=&amp;quot;navigation&amp;quot;]/ul/li[2]/a/span}">
      <![CDATA[org.openqa.selenium.NoSuchElementException: no such element: Unable to locate element: {"method":"xpath","selector":"//*[@id="navigation"]/ul/li[2]/a/span"}
  (Session info: chrome=73.0.3683.103)
  (Driver info: chromedriver=2.45.615355 (d5698f682d8b2742017df6c81e0bd8e6a3063189),platform=Mac OS X 10.13.6 x86_64) (WARNING: The server did not provide any stacktrace information)
Command duration or timeout: 14 milliseconds
For documentation on this error, please visit: http://seleniumhq.org/exceptions/no_such_element.html
Build info: version: '2.53.0', revision: '35ae25b1534ae328c771e0856c93e187490ca824', time: '2016-03-15 10:43:46'
System info: host: 'admins-mac-mini.in.dhcp.saint-gobain.net', ip: '10.87.75.34', os.name: 'Mac OS X', os.arch: 'x86_64', os.version: '10.13.6', java.version: '1.8.0_191'
Driver info: org.openqa.selenium.chrome.ChromeDriver
Capabilities [{mobileEmulationEnabled=false, timeouts={implicit=0, pageLoad=300000, script=30000}, hasTouchScreen=false, platform=MAC, acceptSslCerts=false, goog:chromeOptions={debuggerAddress=localhost:51150}, acceptInsecureCerts=false, webStorageEnabled=true, browserName=chrome, takesScreenshot=true, javascriptEnabled=true, setWindowRect=true, unexpectedAlertBehaviour=ignore, applicationCacheEnabled=false, rotatable=false, networkConnectionEnabled=false, chrome={chromedriverVersion=2.45.615355 (d5698f682d8b2742017df6c81e0bd8e6a3063189), userDataDir=/var/folders/c_/w19ng9h56ln9yt17wqdy81xm0000gn/T/.org.chromium.Chromium.XpMeuf}, takesHeapSnapshot=true, pageLoadStrategy=normal, strictFileInteractability=false, databaseEnabled=false, handlesAlerts=true, version=73.0.3683.103, browserConnectionEnabled=false, proxy={}, nativeEvents=true, locationContextEnabled=true, cssSelectorsEnabled=true}]
Session ID: 8076b68846d1e41e3412417d9ac7c267
*** Element info: {Using=xpath, value=//*[@id="navigation"]/ul/li[2]/a/span}
	at org.openqa.selenium.remote.ErrorHandler.createThrowable(ErrorHandler.java:206)
	at org.openqa.selenium.remote.ErrorHandler.throwIfResponseFailed(ErrorHandler.java:158)
	at org.openqa.selenium.remote.RemoteWebDriver.execute(RemoteWebDriver.java:678)
	at org.openqa.selenium.remote.RemoteWebDriver.findElement(RemoteWebDriver.java:363)
	at org.openqa.selenium.remote.RemoteWebDriver.findElementByXPath(RemoteWebDriver.java:500)
	at org.openqa.selenium.By$ByXPath.findElement(By.java:361)
	at org.openqa.selenium.remote.RemoteWebDriver.findElement(RemoteWebDriver.java:355)
	at org.openqa.selenium.support.pagefactory.DefaultElementLocator.findElement(DefaultElementLocator.java:69)
	at org.openqa.selenium.support.pagefactory.internal.LocatingElementHandler.invoke(LocatingElementHandler.java:38)
	at com.sun.proxy.$Proxy5.click(Unknown Source)
	at Page.UserPage.Createuser(UserPage.java:32)
	at test.java.UserTest.CreateNewUser(UserTest.java:24)
... Removed 31 stack frames]]>
    </failure>
  </testcase> <!-- CreateNewUser -->
  <testcase name="EditNewUser" time="0.018" classname="test.java.UserTest">
    <failure type="org.openqa.selenium.NoSuchElementException" message="no such element: Unable to locate element: {&amp;quot;method&amp;quot;:&amp;quot;xpath&amp;quot;,&amp;quot;selector&amp;quot;:&amp;quot;//*[@id=&amp;quot;users&amp;quot;]/tbody/tr[1]/td[4]/button&amp;quot;}
  (Session info: chrome=73.0.3683.103)
  (Driver info: chromedriver=2.45.615355 (d5698f682d8b2742017df6c81e0bd8e6a3063189),platform=Mac OS X 10.13.6 x86_64) (WARNING: The server did not provide any stacktrace information)
Command duration or timeout: 18 milliseconds
For documentation on this error, please visit: http://seleniumhq.org/exceptions/no_such_element.html
Build info: version: &amp;apos;2.53.0&amp;apos;, revision: &amp;apos;35ae25b1534ae328c771e0856c93e187490ca824&amp;apos;, time: &amp;apos;2016-03-15 10:43:46&amp;apos;
System info: host: &amp;apos;admins-mac-mini.in.dhcp.saint-gobain.net&amp;apos;, ip: &amp;apos;10.87.75.34&amp;apos;, os.name: &amp;apos;Mac OS X&amp;apos;, os.arch: &amp;apos;x86_64&amp;apos;, os.version: &amp;apos;10.13.6&amp;apos;, java.version: &amp;apos;1.8.0_191&amp;apos;
Driver info: org.openqa.selenium.chrome.ChromeDriver
Capabilities [{mobileEmulationEnabled=false, timeouts={implicit=0, pageLoad=300000, script=30000}, hasTouchScreen=false, platform=MAC, acceptSslCerts=false, goog:chromeOptions={debuggerAddress=localhost:51150}, acceptInsecureCerts=false, webStorageEnabled=true, browserName=chrome, takesScreenshot=true, javascriptEnabled=true, setWindowRect=true, unexpectedAlertBehaviour=ignore, applicationCacheEnabled=false, rotatable=false, networkConnectionEnabled=false, chrome={chromedriverVersion=2.45.615355 (d5698f682d8b2742017df6c81e0bd8e6a3063189), userDataDir=/var/folders/c_/w19ng9h56ln9yt17wqdy81xm0000gn/T/.org.chromium.Chromium.XpMeuf}, takesHeapSnapshot=true, pageLoadStrategy=normal, strictFileInteractability=false, databaseEnabled=false, handlesAlerts=true, version=73.0.3683.103, browserConnectionEnabled=false, proxy={}, nativeEvents=true, locationContextEnabled=true, cssSelectorsEnabled=true}]
Session ID: 8076b68846d1e41e3412417d9ac7c267
*** Element info: {Using=xpath, value=//*[@id=&amp;quot;users&amp;quot;]/tbody/tr[1]/td[4]/button}">
      <![CDATA[org.openqa.selenium.NoSuchElementException: no such element: Unable to locate element: {"method":"xpath","selector":"//*[@id="users"]/tbody/tr[1]/td[4]/button"}
  (Session info: chrome=73.0.3683.103)
  (Driver info: chromedriver=2.45.615355 (d5698f682d8b2742017df6c81e0bd8e6a3063189),platform=Mac OS X 10.13.6 x86_64) (WARNING: The server did not provide any stacktrace information)
Command duration or timeout: 18 milliseconds
For documentation on this error, please visit: http://seleniumhq.org/exceptions/no_such_element.html
Build info: version: '2.53.0', revision: '35ae25b1534ae328c771e0856c93e187490ca824', time: '2016-03-15 10:43:46'
System info: host: 'admins-mac-mini.in.dhcp.saint-gobain.net', ip: '10.87.75.34', os.name: 'Mac OS X', os.arch: 'x86_64', os.version: '10.13.6', java.version: '1.8.0_191'
Driver info: org.openqa.selenium.chrome.ChromeDriver
Capabilities [{mobileEmulationEnabled=false, timeouts={implicit=0, pageLoad=300000, script=30000}, hasTouchScreen=false, platform=MAC, acceptSslCerts=false, goog:chromeOptions={debuggerAddress=localhost:51150}, acceptInsecureCerts=false, webStorageEnabled=true, browserName=chrome, takesScreenshot=true, javascriptEnabled=true, setWindowRect=true, unexpectedAlertBehaviour=ignore, applicationCacheEnabled=false, rotatable=false, networkConnectionEnabled=false, chrome={chromedriverVersion=2.45.615355 (d5698f682d8b2742017df6c81e0bd8e6a3063189), userDataDir=/var/folders/c_/w19ng9h56ln9yt17wqdy81xm0000gn/T/.org.chromium.Chromium.XpMeuf}, takesHeapSnapshot=true, pageLoadStrategy=normal, strictFileInteractability=false, databaseEnabled=false, handlesAlerts=true, version=73.0.3683.103, browserConnectionEnabled=false, proxy={}, nativeEvents=true, locationContextEnabled=true, cssSelectorsEnabled=true}]
Session ID: 8076b68846d1e41e3412417d9ac7c267
*** Element info: {Using=xpath, value=//*[@id="users"]/tbody/tr[1]/td[4]/button}
	at org.openqa.selenium.remote.ErrorHandler.createThrowable(ErrorHandler.java:206)
	at org.openqa.selenium.remote.ErrorHandler.throwIfResponseFailed(ErrorHandler.java:158)
	at org.openqa.selenium.remote.RemoteWebDriver.execute(RemoteWebDriver.java:678)
	at org.openqa.selenium.remote.RemoteWebDriver.findElement(RemoteWebDriver.java:363)
	at org.openqa.selenium.remote.RemoteWebDriver.findElementByXPath(RemoteWebDriver.java:500)
	at org.openqa.selenium.By$ByXPath.findElement(By.java:361)
	at org.openqa.selenium.remote.RemoteWebDriver.findElement(RemoteWebDriver.java:355)
	at org.openqa.selenium.support.pagefactory.DefaultElementLocator.findElement(DefaultElementLocator.java:69)
	at org.openqa.selenium.support.pagefactory.internal.LocatingElementHandler.invoke(LocatingElementHandler.java:38)
	at com.sun.proxy.$Proxy5.click(Unknown Source)
	at Page.UserPage.Editeuser(UserPage.java:58)
	at test.java.UserTest.EditNewUser(UserTest.java:32)
... Removed 31 stack frames]]>
    </failure>
  </testcase> <!-- EditNewUser -->
</testsuite> <!-- user -->
